<?xml version="1.0" encoding="UTF-8"?>
<!-- Generated by org.testng.reporters.JUnitReportReporter -->
<testsuite hostname="DESKTOP-Q13RTI2" failures="0" tests="1" name="PKG1.ps" time="0.008" errors="0" timestamp="2023-03-19T17:34:59 IST" skipped="0">
  <testcase classname="PKG1.ps" name="add" time="0.008"/>
  <system-out/>
</testsuite> <!-- PKG1.ps -->
