<?xml version="1.0" encoding="UTF-8"?>
<!-- Generated by org.testng.reporters.JUnitReportReporter -->
<testsuite hostname="DESKTOP-Q13RTI2" failures="0" tests="2" name="PKG1.ps1" time="0.008" errors="0" timestamp="2023-03-20T12:49:38 IST" skipped="0">
  <testcase classname="PKG1.ps1" name="sub" time="0.003"/>
  <system-out/>
  <testcase classname="PKG1.ps1" name="add" time="0.005"/>
  <system-out/>
</testsuite> <!-- PKG1.ps1 -->
