<?xml version="1.0" encoding="UTF-8"?>
<!-- Generated by org.testng.reporters.JUnitReportReporter -->
<testsuite hostname="DESKTOP-Q13RTI2" failures="0" tests="2" name="PKG1.Ps2" time="0.010" errors="0" timestamp="2023-03-19T18:06:13 IST" skipped="0">
  <testcase classname="PKG1.Ps2" name="Decrement" time="0.009"/>
  <system-out/>
  <testcase classname="PKG1.Ps2" name="Increment" time="0.001"/>
  <system-out/>
</testsuite> <!-- PKG1.Ps2 -->
